\BOOKMARK [1][-]{section.1}{Traccia dell'homework}{}% 1
\BOOKMARK [2][-]{subsection.1.1}{Testo}{section.1}% 2
\BOOKMARK [2][-]{subsection.1.2}{Scadenza}{section.1}% 3
\BOOKMARK [2][-]{subsection.1.3}{Consegna}{section.1}% 4
\BOOKMARK [1][-]{section.2}{Ambiente di lavoro}{}% 5
\BOOKMARK [1][-]{section.3}{Metodologia}{}% 6
\BOOKMARK [2][-]{subsection.3.1}{Informazioni note a priori}{section.3}% 7
\BOOKMARK [2][-]{subsection.3.2}{Finalizzazione dell'obiettivo}{section.3}% 8
\BOOKMARK [2][-]{subsection.3.3}{Ottenimento del codice macchina}{section.3}% 9
\BOOKMARK [2][-]{subsection.3.4}{Osservazione del funzionamento}{section.3}% 10
\BOOKMARK [2][-]{subsection.3.5}{Disassemblaggio del codice macchina}{section.3}% 11
\BOOKMARK [3][-]{subsubsection.3.5.1}{Riepilogo risultati dell'import}{subsection.3.5}% 12
\BOOKMARK [3][-]{subsubsection.3.5.2}{Informazioni aggiuntive}{subsection.3.5}% 13
\BOOKMARK [2][-]{subsection.3.6}{Ricerca del main}{section.3}% 14
\BOOKMARK [3][-]{subsubsection.3.6.1}{Ricerca tramite invocazioni di funzioni user}{subsection.3.6}% 15
\BOOKMARK [1][-]{section.4}{Analisi con Ghidra}{}% 16
\BOOKMARK [2][-]{subsection.4.1}{FUN\13700402a30\137main}{section.4}% 17
\BOOKMARK [2][-]{subsection.4.2}{FUN\137004019a0\137set\137on\137exit\137actions}{section.4}% 18
\BOOKMARK [2][-]{subsection.4.3}{FUN\13700401500\137in\137my\137struct}{section.4}% 19
\BOOKMARK [2][-]{subsection.4.4}{FUN\13700401900\137given\137to\137set\137before\137exit}{section.4}% 20
\BOOKMARK [2][-]{subsection.4.5}{FUN\137004014e0\137set\137before\137exit}{section.4}% 21
\BOOKMARK [2][-]{subsection.4.6}{FUN\137004018a0\137open\137handle\137to\137reg\137key}{section.4}% 22
\BOOKMARK [2][-]{subsection.4.7}{FUN\13700401530\137retrieve\137subkeys\137and\137values}{section.4}% 23
\BOOKMARK [2][-]{subsection.4.8}{FUN\13700401790\137print\137catched\137info}{section.4}% 24
