\BOOKMARK [1][-]{section.1}{Traccia dell'homework}{}% 1
\BOOKMARK [2][-]{subsection.1.1}{Testo}{section.1}% 2
\BOOKMARK [2][-]{subsection.1.2}{Scadenza}{section.1}% 3
\BOOKMARK [2][-]{subsection.1.3}{Consegna}{section.1}% 4
\BOOKMARK [1][-]{section.2}{Ambiente di lavoro}{}% 5
\BOOKMARK [1][-]{section.3}{Metodologia}{}% 6
\BOOKMARK [2][-]{subsection.3.1}{Informazioni note a priori}{section.3}% 7
\BOOKMARK [2][-]{subsection.3.2}{Finalizzazione dell'obiettivo}{section.3}% 8
\BOOKMARK [2][-]{subsection.3.3}{Ottenimento del codice macchina}{section.3}% 9
\BOOKMARK [2][-]{subsection.3.4}{Osservazione del funzionamento}{section.3}% 10
\BOOKMARK [2][-]{subsection.3.5}{Disassemblaggio del codice macchina}{section.3}% 11
\BOOKMARK [3][-]{subsubsection.3.5.1}{Riepilogo risultati dell'import}{subsection.3.5}% 12
\BOOKMARK [3][-]{subsubsection.3.5.2}{Informazioni aggiuntive}{subsection.3.5}% 13
\BOOKMARK [2][-]{subsection.3.6}{Ricerca del WinMain}{section.3}% 14
\BOOKMARK [1][-]{section.4}{Analisi}{}% 15
\BOOKMARK [2][-]{subsection.4.1}{FUN\13700401904\137WinMain}{section.4}% 16
\BOOKMARK [2][-]{subsection.4.2}{FUN\137004012e0\137window\137proc}{section.4}% 17
\BOOKMARK [3][-]{subsubsection.4.2.1}{WM\137CREATE}{subsection.4.2}% 18
\BOOKMARK [4][-]{paragraph.4.2.1.1}{FUN\13700401aab\137init\137ds}{subsubsection.4.2.1}% 19
\BOOKMARK [4][-]{paragraph.4.2.1.2}{FUN\13700401b74\137show\137time}{subsubsection.4.2.1}% 20
\BOOKMARK [4][-]{paragraph.4.2.1.3}{FUN\13700401b20\137create\137timer}{subsubsection.4.2.1}% 21
\BOOKMARK [4][-]{paragraph.4.2.1.4}{FUN\13700401c7b\137timer\137proc}{subsubsection.4.2.1}% 22
\BOOKMARK [4][-]{paragraph.4.2.1.5}{FUN\13700403000\137check\137on\137exit}{subsubsection.4.2.1}% 23
\BOOKMARK [4][-]{paragraph.4.2.1.6}{FUN\13700401ff0\137show\137error\137message}{subsubsection.4.2.1}% 24
\BOOKMARK [3][-]{subsubsection.4.2.2}{WM\137DESTROY}{subsection.4.2}% 25
\BOOKMARK [3][-]{subsubsection.4.2.3}{WM\137COMMAND}{subsection.4.2}% 26
\BOOKMARK [4][-]{paragraph.4.2.3.1}{FUN\13700401dd6\137button\137clicked}{subsubsection.4.2.3}% 27
\BOOKMARK [4][-]{paragraph.4.2.3.2}{FUN\13700401cf4\137compute\137shutdown\137time}{subsubsection.4.2.3}% 28
\BOOKMARK [1][-]{section.5}{Verifica}{}% 29
